canu/2.0 has the useGrid option default set to useGrid=false. This can be overriden by another configuration file or a command-line option.
-- Canu 2.0
--
-- Detected Java(TM) Runtime Environment '1.8.0_151' (from '/sw/comp/java/x86_64/sun_jdk1.8.0_151/bin/java') with -d64 support.
-- Detected gnuplot version '4.6 patchlevel 2   ' (from 'gnuplot') and image format 'png'.
-- Detected 16 CPUs and 126 gigabytes of memory.
-- Limited to 4 CPUs from maxThreads option.
-- Detected Slurm with 'sinfo' binary in /usr/bin/sinfo.
-- Grid engine and staging disabled per useGrid=false option.
--
--                                (tag)Concurrency
--                         (tag)Threads          |
--                (tag)Memory         |          |
--        (tag)             |         |          |       total usage      algorithm
--        -------  ----------  --------   --------  --------------------  -----------------------------
-- Local: meryl     12.000 GB    4 CPUs x   1 job     12.000 GB   4 CPUs  (k-mer counting)
-- Local: hap        8.000 GB    4 CPUs x   1 job      8.000 GB   4 CPUs  (read-to-haplotype assignment)
-- Local: cormhap    6.000 GB    4 CPUs x   1 job      6.000 GB   4 CPUs  (overlap detection with mhap)
-- Local: obtovl     4.000 GB    4 CPUs x   1 job      4.000 GB   4 CPUs  (overlap detection)
-- Local: utgovl     4.000 GB    4 CPUs x   1 job      4.000 GB   4 CPUs  (overlap detection)
-- Local: cor        8.000 GB    4 CPUs x   1 job      8.000 GB   4 CPUs  (read correction)
-- Local: ovb        4.000 GB    1 CPU  x   4 jobs    16.000 GB   4 CPUs  (overlap store bucketizer)
-- Local: ovs        8.000 GB    1 CPU  x   4 jobs    32.000 GB   4 CPUs  (overlap store sorting)
-- Local: red       16.000 GB    4 CPUs x   1 job     16.000 GB   4 CPUs  (read error detection)
-- Local: oea        8.000 GB    1 CPU  x   4 jobs    32.000 GB   4 CPUs  (overlap error adjustment)
-- Local: bat       16.000 GB    4 CPUs x   1 job     16.000 GB   4 CPUs  (contig construction with bogart)
-- Local: cns        -.--- GB    4 CPUs x   - jobs     -.--- GB   - CPUs  (consensus)
-- Local: gfa       16.000 GB    4 CPUs x   1 job     16.000 GB   4 CPUs  (GFA alignment and processing)
-- WARNING:
-- WARNING:  Option '-pacbio-raw <files>' is deprecated.
-- WARNING:  Use option '-pacbio <files>' in the future.
-- WARNING:
--
-- Found untrimmed raw PacBio CLR reads in the input files.
--
-- Generating assembly 'canu_assembly_output_01' in '/domus/h1/dongx/Genome_Analysis/DNA_Assembly/Canu/Canu_assembly_01':
--    - correct raw reads.
--    - trim corrected reads.
--    - assemble corrected and trimmed reads.
--
-- Parameters:
--
--  genomeSize        24100000
--
--  Overlap Generation Limits:
--    corOvlErrorRate 0.2400 ( 24.00%)
--    obtOvlErrorRate 0.0450 (  4.50%)
--    utgOvlErrorRate 0.0450 (  4.50%)
--
--  Overlap Processing Limits:
--    corErrorRate    0.3000 ( 30.00%)
--    obtErrorRate    0.0450 (  4.50%)
--    utgErrorRate    0.0450 (  4.50%)
--    cnsErrorRate    0.0750 (  7.50%)
--
--
-- BEGIN CORRECTION
--
----------------------------------------
-- Starting command on Mon May  1 20:55:30 2023 with 9446.772 GB free disk space

    cd .
    ./canu_assembly_output_01.seqStore.sh \
    > ./canu_assembly_output_01.seqStore.err 2>&1

-- Finished on Mon May  1 20:56:08 2023 (38 seconds) with 9446.259 GB free disk space
----------------------------------------
----------------------------------------
-- Starting command on Mon May  1 20:56:08 2023 with 9446.259 GB free disk space

    cd .
    /sw/bioinfo/canu/2.0/rackham/Linux-amd64/bin/sqStoreDumpMetaData \
      -S ./canu_assembly_output_01.seqStore \
      -raw \
      -histogram \
      -lengths \
    > ./canu_assembly_output_01.seqStore/readlengths-cor.dat \
    2> ./canu_assembly_output_01.seqStore/readlengths-cor.err 
    

-- Finished on Mon May  1 20:56:08 2023 (lickety-split) with 9446.257 GB free disk space
----------------------------------------
----------------------------------------
-- Starting command on Mon May  1 20:56:09 2023 with 9446.257 GB free disk space

    cd .
    /sw/bioinfo/canu/2.0/rackham/Linux-amd64/bin/sqStoreDumpMetaData \
      -S ./canu_assembly_output_01.seqStore \
      -raw \
      -histogram \
    > ./canu_assembly_output_01.seqStore/readlengths-cor.txt \
    2> ./canu_assembly_output_01.seqStore/readlengths-cor.err 
    

-- Finished on Mon May  1 20:56:09 2023 (fast as lightning) with 9446.257 GB free disk space
----------------------------------------
--
-- In sequence store './canu_assembly_output_01.seqStore':
--   Found 233852 reads.
--   Found 1761712202 bases (73.1 times coverage).
--    
--    G=1761712202                       sum of  ||               length     num
--    NG         length     index       lengths  ||                range    seqs
--    ----- ------------ --------- ------------  ||  ------------------- -------
--    00010        17031      8654    176178533  ||       1000-1936        17877|-----------------------------------------------------------
--    00020        14043     20123    352354510  ||       1937-2873        18585|-------------------------------------------------------------
--    00030        12194     33625    528519280  ||       2874-3810        19330|---------------------------------------------------------------
--    00040        10811     48998    704685310  ||       3811-4747        19259|---------------------------------------------------------------
--    00050         9675     66237    880861919  ||       4748-5684        18569|-------------------------------------------------------------
--    00060         8581     85553   1057032673  ||       5685-6621        17832|-----------------------------------------------------------
--    00070         7402    107602   1233200011  ||       6622-7558        17736|----------------------------------------------------------
--    00080         6014    133858   1409373856  ||       7559-8495        17554|----------------------------------------------------------
--    00090         4289    168120   1585543046  ||       8496-9432        16758|-------------------------------------------------------
--    00100         1000    233851   1761712202  ||       9433-10369       15171|--------------------------------------------------
--    001.000x              233852   1761712202  ||      10370-11306       12418|-----------------------------------------
--                                               ||      11307-12243        9582|--------------------------------
--                                               ||      12244-13180        7519|-------------------------
--                                               ||      13181-14117        5955|--------------------
--                                               ||      14118-15054        4450|---------------
--                                               ||      15055-15991        3504|------------
--                                               ||      15992-16928        2837|----------
--                                               ||      16929-17865        2166|--------
--                                               ||      17866-18802        1644|------
--                                               ||      18803-19739        1278|-----
--                                               ||      19740-20676         981|----
--                                               ||      20677-21613         700|---
--                                               ||      21614-22550         518|--
--                                               ||      22551-23487         375|--
--                                               ||      23488-24424         306|-
--                                               ||      24425-25361         225|-
--                                               ||      25362-26298         165|-
--                                               ||      26299-27235         138|-
--                                               ||      27236-28172         110|-
--                                               ||      28173-29109          69|-
--                                               ||      29110-30046          71|-
--                                               ||      30047-30983          40|-
--                                               ||      30984-31920          40|-
--                                               ||      31921-32857          26|-
--                                               ||      32858-33794          16|-
--                                               ||      33795-34731          14|-
--                                               ||      34732-35668          12|-
--                                               ||      35669-36605           3|-
--                                               ||      36606-37542           6|-
--                                               ||      37543-38479           3|-
--                                               ||      38480-39416           4|-
--                                               ||      39417-40353           2|-
--                                               ||      40354-41290           0|
--                                               ||      41291-42227           0|
--                                               ||      42228-43164           2|-
--                                               ||      43165-44101           1|-
--                                               ||      44102-45038           0|
--                                               ||      45039-45975           0|
--                                               ||      45976-46912           0|
--                                               ||      46913-47849           1|-
--    
-- New report created.
----------------------------------------
-- Starting command on Mon May  1 20:56:09 2023 with 9446.257 GB free disk space

    cd correction/0-mercounts
    ./meryl-configure.sh \
    > ./meryl-configure.err 2>&1

-- Finished on Mon May  1 20:56:10 2023 (one second) with 9446.256 GB free disk space
----------------------------------------
--  segments   memory batches
--  -------- -------- -------
--        01  4.00 GB       1
--        02  2.00 GB       1
--        04  1.19 GB       1
--        06  0.81 GB       1
--        08  0.62 GB       1
--        12  0.44 GB       1
--        16  0.31 GB       1
--
--  For 233852 reads with 1761712202 bases, limit to 17 batches.
--  Will count kmers using 01 jobs, each using 6 GB and 4 threads.
--
-- Report changed.
-- Finished stage 'merylConfigure', reset canuIteration.
-- No change in report.
--
-- Running jobs.  First attempt out of 2.
----------------------------------------
-- Starting 'meryl' concurrent execution on Mon May  1 20:56:10 2023 with 9446.256 GB free disk space (1 processes; 1 concurrently)

    cd correction/0-mercounts
    ./meryl-count.sh 1 > ./meryl-count.000001.out 2>&1

-- Finished on Mon May  1 20:59:21 2023 (191 seconds) with 9442.174 GB free disk space
----------------------------------------
-- Found 1 Kmer counting (meryl) outputs.
-- No change in report.
-- Finished stage 'cor-merylCountCheck', reset canuIteration.
-- No change in report.
--
-- Running jobs.  First attempt out of 2.
----------------------------------------
-- Starting 'meryl' concurrent execution on Mon May  1 20:59:21 2023 with 9442.174 GB free disk space (1 processes; 1 concurrently)

    cd correction/0-mercounts
    ./meryl-process.sh 1 > ./meryl-process.000001.out 2>&1

-- Finished on Mon May  1 21:00:23 2023 (62 seconds) with 9439.212 GB free disk space
----------------------------------------
-- Meryl finished successfully.  Kmer frequency histogram:
--
--  16-mers                                                                                           Fraction
--    Occurrences   NumMers                                                                         Unique Total
--       1-     1         0                                                                        0.0000 0.0000
--       2-     2 111976142 ********************************************************************** 0.4552 0.1613
--       3-     4  70335145 *******************************************                            0.6441 0.2617
--       5-     7  30256714 ******************                                                     0.7987 0.3815
--       8-    11  15252319 *********                                                              0.8850 0.4855
--      12-    16   8173593 *****                                                                  0.9353 0.5770
--      17-    22   3989367 **                                                                     0.9632 0.6493
--      23-    29   2042160 *                                                                      0.9772 0.6992
--      30-    37   1146308                                                                        0.9846 0.7342
--      38-    46    708146                                                                        0.9889 0.7602
--      47-    56    484727                                                                        0.9916 0.7807
--      57-    67    355532                                                                        0.9935 0.7981
--      68-    79    264003                                                                        0.9949 0.8136
--      80-    92    197610                                                                        0.9960 0.8273
--      93-   106    148888                                                                        0.9968 0.8393
--     107-   121    114703                                                                        0.9973 0.8497
--     122-   137     90164                                                                        0.9978 0.8590
--     138-   154     71953                                                                        0.9982 0.8673
--     155-   172     58112                                                                        0.9984 0.8748
--     173-   191     47609                                                                        0.9987 0.8816
--     192-   211     39581                                                                        0.9989 0.8877
--     212-   232     32685                                                                        0.9990 0.8934
--     233-   254     27057                                                                        0.9992 0.8986
--     255-   277     21569                                                                        0.9993 0.9033
--     278-   301     17136                                                                        0.9994 0.9074
--     302-   326     14233                                                                        0.9994 0.9109
--     327-   352     11999                                                                        0.9995 0.9141
--     353-   379     10604                                                                        0.9995 0.9171
--     380-   407      9332                                                                        0.9996 0.9198
--     408-   436      8288                                                                        0.9996 0.9225
--     437-   466      7421                                                                        0.9996 0.9250
--     467-   497      6593                                                                        0.9997 0.9274
--     498-   529      6018                                                                        0.9997 0.9297
--     530-   562      5396                                                                        0.9997 0.9319
--     563-   596      4715                                                                        0.9997 0.9340
--     597-   631      4390                                                                        0.9998 0.9360
--     632-   667      3857                                                                        0.9998 0.9379
--     668-   704      3246                                                                        0.9998 0.9397
--     705-   742      3194                                                                        0.9998 0.9413
--     743-   781      2789                                                                        0.9998 0.9430
--     782-   821      2575                                                                        0.9998 0.9445
--
--           0 (max occurrences)
--  1388336894 (total mers, non-unique)
--   245993316 (distinct mers, non-unique)
--           0 (unique mers)
-- Report changed.
-- Finished stage 'meryl-process', reset canuIteration.
--
-- Removing meryl database 'correction/0-mercounts/canu_assembly_output_01.ms16'.
--
-- OVERLAPPER (mhap) (correction)
--
-- Set corMhapSensitivity=low based on read coverage of 73.
--
-- PARAMETERS: hashes=256, minMatches=3, threshold=0.8
--
-- Given 5.4 GB, can fit 16200 reads per block.
-- For 16 blocks, set stride to 4 blocks.
-- Logging partitioning to 'correction/1-overlapper/partitioning.log'.
-- Configured 15 mhap precompute jobs.
-- Configured 33 mhap overlap jobs.
-- No change in report.
-- Finished stage 'cor-mhapConfigure', reset canuIteration.
-- No change in report.
--
-- Running jobs.  First attempt out of 2.
----------------------------------------
-- Starting 'cormhap' concurrent execution on Mon May  1 21:00:24 2023 with 9439.202 GB free disk space (15 processes; 1 concurrently)

    cd correction/1-overlapper
    ./precompute.sh 1 > ./precompute.000001.out 2>&1
    ./precompute.sh 2 > ./precompute.000002.out 2>&1
    ./precompute.sh 3 > ./precompute.000003.out 2>&1
    ./precompute.sh 4 > ./precompute.000004.out 2>&1
    ./precompute.sh 5 > ./precompute.000005.out 2>&1
    ./precompute.sh 6 > ./precompute.000006.out 2>&1
    ./precompute.sh 7 > ./precompute.000007.out 2>&1
    ./precompute.sh 8 > ./precompute.000008.out 2>&1
    ./precompute.sh 9 > ./precompute.000009.out 2>&1
    ./precompute.sh 10 > ./precompute.000010.out 2>&1
    ./precompute.sh 11 > ./precompute.000011.out 2>&1
    ./precompute.sh 12 > ./precompute.000012.out 2>&1
    ./precompute.sh 13 > ./precompute.000013.out 2>&1
    ./precompute.sh 14 > ./precompute.000014.out 2>&1
    ./precompute.sh 15 > ./precompute.000015.out 2>&1

-- Finished on Mon May  1 23:19:09 2023 (8325 seconds) with 9352.289 GB free disk space
----------------------------------------
-- All 15 mhap precompute jobs finished successfully.
-- No change in report.
-- Finished stage 'cor-mhapPrecomputeCheck', reset canuIteration.
-- No change in report.
--
-- Running jobs.  First attempt out of 2.
----------------------------------------
-- Starting 'cormhap' concurrent execution on Mon May  1 23:19:09 2023 with 9352.289 GB free disk space (33 processes; 1 concurrently)

    cd correction/1-overlapper
    ./mhap.sh 1 > ./mhap.000001.out 2>&1
    ./mhap.sh 2 > ./mhap.000002.out 2>&1
    ./mhap.sh 3 > ./mhap.000003.out 2>&1
    ./mhap.sh 4 > ./mhap.000004.out 2>&1
    ./mhap.sh 5 > ./mhap.000005.out 2>&1
    ./mhap.sh 6 > ./mhap.000006.out 2>&1
    ./mhap.sh 7 > ./mhap.000007.out 2>&1
    ./mhap.sh 8 > ./mhap.000008.out 2>&1
    ./mhap.sh 9 > ./mhap.000009.out 2>&1
    ./mhap.sh 10 > ./mhap.000010.out 2>&1
    ./mhap.sh 11 > ./mhap.000011.out 2>&1
    ./mhap.sh 12 > ./mhap.000012.out 2>&1
    ./mhap.sh 13 > ./mhap.000013.out 2>&1
    ./mhap.sh 14 > ./mhap.000014.out 2>&1
    ./mhap.sh 15 > ./mhap.000015.out 2>&1
    ./mhap.sh 16 > ./mhap.000016.out 2>&1
    ./mhap.sh 17 > ./mhap.000017.out 2>&1
    ./mhap.sh 18 > ./mhap.000018.out 2>&1
    ./mhap.sh 19 > ./mhap.000019.out 2>&1
    ./mhap.sh 20 > ./mhap.000020.out 2>&1
    ./mhap.sh 21 > ./mhap.000021.out 2>&1
    ./mhap.sh 22 > ./mhap.000022.out 2>&1
    ./mhap.sh 23 > ./mhap.000023.out 2>&1
    ./mhap.sh 24 > ./mhap.000024.out 2>&1
    ./mhap.sh 25 > ./mhap.000025.out 2>&1
    ./mhap.sh 26 > ./mhap.000026.out 2>&1
    ./mhap.sh 27 > ./mhap.000027.out 2>&1
    ./mhap.sh 28 > ./mhap.000028.out 2>&1
    ./mhap.sh 29 > ./mhap.000029.out 2>&1
    ./mhap.sh 30 > ./mhap.000030.out 2>&1
    ./mhap.sh 31 > ./mhap.000031.out 2>&1
    ./mhap.sh 32 > ./mhap.000032.out 2>&1
    ./mhap.sh 33 > ./mhap.000033.out 2>&1

-- Finished on Tue May  2 00:25:25 2023 (3976 seconds) with 9323.599 GB free disk space
----------------------------------------
-- Found 33 mhap overlap output files.
-- No change in report.
-- Finished stage 'cor-mhapCheck', reset canuIteration.
----------------------------------------
-- Starting command on Tue May  2 00:25:25 2023 with 9323.599 GB free disk space

    cd correction
    /sw/bioinfo/canu/2.0/rackham/Linux-amd64/bin/ovStoreConfig \
     -S ../canu_assembly_output_01.seqStore \
     -M 4-8 \
     -L ./1-overlapper/ovljob.files \
     -create ./canu_assembly_output_01.ovlStore.config \
     > ./canu_assembly_output_01.ovlStore.config.txt \
    2> ./canu_assembly_output_01.ovlStore.config.err

-- Finished on Tue May  2 00:25:26 2023 (one second) with 9323.599 GB free disk space
----------------------------------------
--
-- Creating overlap store correction/canu_assembly_output_01.ovlStore using:
--      2 buckets
--      2 slices
--        using at most 7 GB memory each
-- No change in report.
-- Finished stage 'cor-overlapStoreConfigure', reset canuIteration.
-- No change in report.
--
-- Running jobs.  First attempt out of 2.
----------------------------------------
-- Starting 'ovB' concurrent execution on Tue May  2 00:25:26 2023 with 9323.599 GB free disk space (2 processes; 4 concurrently)

    cd correction/canu_assembly_output_01.ovlStore.BUILDING
    ./scripts/1-bucketize.sh 1 > ./logs/1-bucketize.000001.out 2>&1
    ./scripts/1-bucketize.sh 2 > ./logs/1-bucketize.000002.out 2>&1

-- Finished on Tue May  2 00:26:22 2023 (56 seconds) with 9320.576 GB free disk space
----------------------------------------
-- Overlap store bucketizer finished.
-- No change in report.
-- Finished stage 'cor-overlapStoreBucketizerCheck', reset canuIteration.
-- No change in report.
--
-- Running jobs.  First attempt out of 2.
----------------------------------------
-- Starting 'ovS' concurrent execution on Tue May  2 00:26:22 2023 with 9320.574 GB free disk space (2 processes; 4 concurrently)

    cd correction/canu_assembly_output_01.ovlStore.BUILDING
    ./scripts/2-sort.sh 1 > ./logs/2-sort.000001.out 2>&1
    ./scripts/2-sort.sh 2 > ./logs/2-sort.000002.out 2>&1

-- Finished on Tue May  2 00:29:15 2023 (173 seconds) with 9314.471 GB free disk space
----------------------------------------
-- Overlap store sorter finished.
-- No change in report.
-- Finished stage 'cor-overlapStoreSorterCheck', reset canuIteration.
----------------------------------------
-- Starting command on Tue May  2 00:29:15 2023 with 9314.47 GB free disk space

    cd correction
    /sw/bioinfo/canu/2.0/rackham/Linux-amd64/bin/ovStoreIndexer \
      -O  ./canu_assembly_output_01.ovlStore.BUILDING \
      -S ../canu_assembly_output_01.seqStore \
      -C  ./canu_assembly_output_01.ovlStore.config \
      -delete \
    > ./canu_assembly_output_01.ovlStore.BUILDING.index.err 2>&1

-- Finished on Tue May  2 00:29:15 2023 (like a bat out of hell) with 9314.429 GB free disk space
----------------------------------------
-- Checking store.
----------------------------------------
-- Starting command on Tue May  2 00:29:15 2023 with 9314.429 GB free disk space

    cd correction
    /sw/bioinfo/canu/2.0/rackham/Linux-amd64/bin/ovStoreDump \
     -S ../canu_assembly_output_01.seqStore \
     -O  ./canu_assembly_output_01.ovlStore \
     -counts \
     > ./canu_assembly_output_01.ovlStore/counts.dat 2> ./canu_assembly_output_01.ovlStore/counts.err

-- Finished on Tue May  2 00:29:15 2023 (like a bat out of hell) with 9314.426 GB free disk space
----------------------------------------
--
-- Overlap store 'correction/canu_assembly_output_01.ovlStore' successfully constructed.
-- Found 244253662 overlaps for 217542 reads; 16310 reads have no overlaps.
--
--
-- Purged 6.123 GB in 81 overlap output files.
-- No change in report.
-- Finished stage 'cor-createOverlapStore', reset canuIteration.
-- Set corMinCoverage=4 based on read coverage of 73.
-- Global filter scores will be estimated.
-- Computing correction layouts.
----------------------------------------
-- Starting command on Tue May  2 00:29:18 2023 with 9314.291 GB free disk space

    cd correction
    /sw/bioinfo/canu/2.0/rackham/Linux-amd64/bin/generateCorrectionLayouts \
      -S ../canu_assembly_output_01.seqStore \
      -O  ./canu_assembly_output_01.ovlStore \
      -C  ./canu_assembly_output_01.corStore.WORKING \
      -eC 80 \
    > ./canu_assembly_output_01.corStore.err 2>&1

-- Finished on Tue May  2 00:29:34 2023 (16 seconds) with 9313.33 GB free disk space
----------------------------------------
-- No change in report.
-- Finished stage 'cor-buildCorrectionLayoutsConfigure', reset canuIteration.
-- Computing correction layouts.
----------------------------------------
-- Starting command on Tue May  2 00:29:34 2023 with 9313.33 GB free disk space

    cd correction/2-correction
    /sw/bioinfo/canu/2.0/rackham/Linux-amd64/bin/filterCorrectionLayouts \
      -S  ../../canu_assembly_output_01.seqStore \
      -C     ../canu_assembly_output_01.corStore \
      -R      ./canu_assembly_output_01.readsToCorrect.WORKING \
      -cc 4 \
      -cl 1000 \
      -g  24100000 \
      -c  40 \
    > ./canu_assembly_output_01.readsToCorrect.err 2>&1

-- Finished on Tue May  2 00:29:36 2023 (2 seconds) with 9313.317 GB free disk space
----------------------------------------
--                             original      original
--                            raw reads     raw reads
--   category                w/overlaps  w/o/overlaps
--   -------------------- ------------- -------------
--   Number of Reads             201105         32747
--   Number of Bases         1535344298     109676286
--   Coverage                    63.707         4.551
--   Median                        7074          1041
--   Mean                          7634          3349
--   N50                           9734          8781
--   Minimum                       1000             0
--   Maximum                      42756         35263
--   
--                                        --------corrected---------  ----------rescued----------
--                             evidence                     expected                     expected
--   category                     reads            raw     corrected            raw     corrected
--   -------------------- -------------  ------------- -------------  ------------- -------------
--   Number of Reads             207245         107384        107384            818           818
--   Number of Bases         1583173359     1057100042     964002651        3947935       1675444
--   Coverage                    65.692         43.863        40.000          0.164         0.070
--   Median                        7063           9143          8317           3424          1867
--   Mean                          7639           9844          8977           4826          2048
--   N50                           9707          10564          9718           8130          2257
--   Minimum                       1000           4188          4186           1014          1001
--   Maximum                      42756          42756         34619          22148          4186
--   
--                        --------uncorrected--------
--                                           expected
--   category                       raw     corrected
--   -------------------- ------------- -------------
--   Number of Reads             125650        125650
--   Number of Bases          583972607     114961761
--   Coverage                    24.231         4.770
--   Median                        3609             0
--   Mean                          4647           914
--   N50                           7287          3006
--   Minimum                          0             0
--   Maximum                      39241         35562
--   
--   Maximum Memory           909110126
-- Report changed.
-- Finished stage 'cor-filterCorrectionLayouts', reset canuIteration.
-- Using overlaps no worse than 0.3 fraction error for correcting reads (from corErrorRate parameter).
--
-- Configuring correction jobs:
--   Jobs limited to 8 GB per job (via option corMemory).
--   Reads estimated to need at most 1 GB for computation.
--   Leaving 7 GB memory for read data.
----------------------------------------
-- Starting command on Tue May  2 00:29:36 2023 with 9313.317 GB free disk space

    cd correction/2-correction
    ./correctReadsPartition.sh \
    > ./correctReadsPartition.err 2>&1

-- Finished on Tue May  2 00:29:37 2023 (one second) with 9313.315 GB free disk space
----------------------------------------
-- Using overlaps no worse than 0.3 fraction error for correcting reads (from corErrorRate parameter).
-- No change in report.
-- Finished stage 'cor-generateCorrectedReadsConfigure', reset canuIteration.
-- No change in report.
--
-- Running jobs.  First attempt out of 2.
----------------------------------------
-- Starting 'cor' concurrent execution on Tue May  2 00:29:37 2023 with 9313.315 GB free disk space (11 processes; 1 concurrently)

    cd correction/2-correction
    ./correctReads.sh 1 > ./correctReads.000001.out 2>&1
    ./correctReads.sh 2 > ./correctReads.000002.out 2>&1
    ./correctReads.sh 3 > ./correctReads.000003.out 2>&1
    ./correctReads.sh 4 > ./correctReads.000004.out 2>&1
    ./correctReads.sh 5 > ./correctReads.000005.out 2>&1
    ./correctReads.sh 6 > ./correctReads.000006.out 2>&1
    ./correctReads.sh 7 > ./correctReads.000007.out 2>&1
    ./correctReads.sh 8 > ./correctReads.000008.out 2>&1
    ./correctReads.sh 9 > ./correctReads.000009.out 2>&1
    ./correctReads.sh 10 > ./correctReads.000010.out 2>&1
    ./correctReads.sh 11 > ./correctReads.000011.out 2>&1

-- Finished on Tue May  2 05:24:34 2023 (17697 seconds) with 9241.174 GB free disk space
----------------------------------------
-- Found 11 read correction output files.
-- No change in report.
-- Finished stage 'cor-generateCorrectedReadsCheck', reset canuIteration.
-- Found 11 read correction output files.
-- No change in report.
-- Finished stage 'cor-generateCorrectedReadsCheck', reset canuIteration.
--
-- Loading corrected reads into corStore and seqStore.
----------------------------------------
-- Starting command on Tue May  2 05:24:34 2023 with 9241.174 GB free disk space

    cd correction
    /sw/bioinfo/canu/2.0/rackham/Linux-amd64/bin/loadCorrectedReads \
      -S ../canu_assembly_output_01.seqStore \
      -C ./canu_assembly_output_01.corStore \
      -L ./2-correction/corjob.files \
    >  ./canu_assembly_output_01.loadCorrectedReads.log \
    2> ./canu_assembly_output_01.loadCorrectedReads.err

-- Finished on Tue May  2 05:24:56 2023 (22 seconds) with 9240.708 GB free disk space
----------------------------------------
----------------------------------------
-- Starting command on Tue May  2 05:24:56 2023 with 9240.708 GB free disk space

    cd .
    /sw/bioinfo/canu/2.0/rackham/Linux-amd64/bin/sqStoreDumpMetaData \
      -S ./canu_assembly_output_01.seqStore \
      -corrected \
      -histogram \
      -lengths \
    > ./canu_assembly_output_01.seqStore/readlengths-obt.dat \
    2> ./canu_assembly_output_01.seqStore/readlengths-obt.err 
    

-- Finished on Tue May  2 05:24:56 2023 (in the blink of an eye) with 9240.708 GB free disk space
----------------------------------------
----------------------------------------
-- Starting command on Tue May  2 05:24:56 2023 with 9240.707 GB free disk space

    cd .
    /sw/bioinfo/canu/2.0/rackham/Linux-amd64/bin/sqStoreDumpMetaData \
      -S ./canu_assembly_output_01.seqStore \
      -corrected \
      -histogram \
    > ./canu_assembly_output_01.seqStore/readlengths-obt.txt \
    2> ./canu_assembly_output_01.seqStore/readlengths-obt.err 
    

-- Finished on Tue May  2 05:24:56 2023 (like a bat out of hell) with 9240.707 GB free disk space
----------------------------------------
--
-- In sequence store './canu_assembly_output_01.seqStore':
--   Found 102358 reads.
--   Found 841712215 bases (34.92 times coverage).
--    
--    G=841712215                        sum of  ||               length     num
--    NG         length     index       lengths  ||                range    seqs
--    ----- ------------ --------- ------------  ||  ------------------- -------
--    00010        15330      4670     84181168  ||          5-660           350|---
--    00020        12815     10723    168346936  ||        661-1316          781|------
--    00030        11264     17751    252521517  ||       1317-1972          943|-------
--    00040        10132     25648    336690959  ||       1973-2628          894|-------
--    00050         9212     34365    420863831  ||       2629-3284          987|--------
--    00060         8321     43974    505034490  ||       3285-3940         1666|-------------
--    00070         7400     54684    589199144  ||       3941-4596         7482|--------------------------------------------------------
--    00080         6395     66885    673370942  ||       4597-5252         8490|---------------------------------------------------------------
--    00090         5198     81416    757541285  ||       5253-5908         8084|------------------------------------------------------------
--    00100            5    102357    841712215  ||       5909-6564         7836|-----------------------------------------------------------
--    001.000x              102358    841712215  ||       6565-7220         7929|-----------------------------------------------------------
--                                               ||       7221-7876         7815|----------------------------------------------------------
--                                               ||       7877-8532         7506|--------------------------------------------------------
--                                               ||       8533-9188         6979|----------------------------------------------------
--                                               ||       9189-9844         6457|------------------------------------------------
--                                               ||       9845-10500        5458|-----------------------------------------
--                                               ||      10501-11156        4346|---------------------------------
--                                               ||      11157-11812        3488|--------------------------
--                                               ||      11813-12468        2821|---------------------
--                                               ||      12469-13124        2346|------------------
--                                               ||      13125-13780        1900|---------------
--                                               ||      13781-14436        1552|------------
--                                               ||      14437-15092        1175|---------
--                                               ||      15093-15748        1030|--------
--                                               ||      15749-16404         843|-------
--                                               ||      16405-17060         691|------
--                                               ||      17061-17716         539|----
--                                               ||      17717-18372         423|----
--                                               ||      18373-19028         351|---
--                                               ||      19029-19684         262|--
--                                               ||      19685-20340         222|--
--                                               ||      20341-20996         169|--
--                                               ||      20997-21652         123|-
--                                               ||      21653-22308          90|-
--                                               ||      22309-22964          67|-
--                                               ||      22965-23620          52|-
--                                               ||      23621-24276          51|-
--                                               ||      24277-24932          39|-
--                                               ||      24933-25588          31|-
--                                               ||      25589-26244          19|-
--                                               ||      26245-26900          23|-
--                                               ||      26901-27556          10|-
--                                               ||      27557-28212          12|-
--                                               ||      28213-28868           8|-
--                                               ||      28869-29524           5|-
--                                               ||      29525-30180           5|-
--                                               ||      30181-30836           1|-
--                                               ||      30837-31492           0|
--                                               ||      31493-32148           4|-
--                                               ||      32149-32804           3|-
--    
--
-- Purging correctReads output after loading into stores.
-- Purged 11 .cns outputs.
-- Purged 22 .out job log outputs.
--
-- Purging overlaps used for correction.
-- Report changed.
-- Finished stage 'cor-loadCorrectedReads', reset canuIteration.
----------------------------------------
-- Starting command on Tue May  2 05:24:57 2023 with 9240.684 GB free disk space

    cd .
    /sw/bioinfo/canu/2.0/rackham/Linux-amd64/bin/sqStoreDumpFASTQ \
      -corrected \
      -S ./canu_assembly_output_01.seqStore \
      -o ./canu_assembly_output_01.correctedReads.gz \
      -fasta \
      -nolibname \
    > canu_assembly_output_01.correctedReads.fasta.err 2>&1

-- Finished on Tue May  2 05:25:18 2023 (21 seconds) with 9240.405 GB free disk space
----------------------------------------
--
-- Corrected reads saved in 'canu_assembly_output_01.correctedReads.fasta.gz'.
-- No change in report.
-- Finished stage 'cor-dumpCorrectedReads', reset canuIteration.
--
--
-- BEGIN TRIMMING
--
-- No change in report.
----------------------------------------
-- Starting command on Tue May  2 05:25:19 2023 with 9240.404 GB free disk space

    cd trimming/0-mercounts
    ./meryl-configure.sh \
    > ./meryl-configure.err 2>&1

-- Finished on Tue May  2 05:25:19 2023 (furiously fast) with 9240.404 GB free disk space
----------------------------------------
--  segments   memory batches
--  -------- -------- -------
--        01  3.00 GB       1
--        02  1.69 GB       1
--        04  0.88 GB       1
--        06  0.56 GB       1
--        08  0.44 GB       1
--
--  For 102358 reads with 841712215 bases, limit to 8 batches.
--  Will count kmers using 01 jobs, each using 5 GB and 4 threads.
--
-- No change in report.
-- Finished stage 'merylConfigure', reset canuIteration.
-- No change in report.
--
-- Running jobs.  First attempt out of 2.
----------------------------------------
-- Starting 'meryl' concurrent execution on Tue May  2 05:25:19 2023 with 9240.404 GB free disk space (1 processes; 1 concurrently)

    cd trimming/0-mercounts
    ./meryl-count.sh 1 > ./meryl-count.000001.out 2>&1

-- Finished on Tue May  2 05:27:38 2023 (139 seconds) with 9239.807 GB free disk space
----------------------------------------
-- Found 1 Kmer counting (meryl) outputs.
-- No change in report.
-- Finished stage 'obt-merylCountCheck', reset canuIteration.
-- No change in report.
--
-- Running jobs.  First attempt out of 2.
----------------------------------------
-- Starting 'meryl' concurrent execution on Tue May  2 05:27:39 2023 with 9239.807 GB free disk space (1 processes; 1 concurrently)

    cd trimming/0-mercounts
    ./meryl-process.sh 1 > ./meryl-process.000001.out 2>&1

-- Finished on Tue May  2 05:28:19 2023 (40 seconds) with 9239.407 GB free disk space
----------------------------------------
-- Meryl finished successfully.  Kmer frequency histogram:
--
--  22-mers                                                                                           Fraction
--    Occurrences   NumMers                                                                         Unique Total
--       1-     1         0                                                                        0.0000 0.0000
--       2-     2   7642418 ********************************************************************** 0.1923 0.0195
--       3-     4   5453382 *************************************************                      0.2776 0.0324
--       5-     7   3865313 ***********************************                                    0.3701 0.0532
--       8-    11   2930406 **************************                                             0.4482 0.0804
--      12-    16   2992027 ***************************                                            0.5159 0.1161
--      17-    22   3973004 ************************************                                   0.5912 0.1734
--      23-    29   5150603 ***********************************************                        0.6942 0.2808
--      30-    37   4442724 ****************************************                               0.8225 0.4558
--      38-    46   1951938 *****************                                                      0.9264 0.6351
--      47-    56    513008 ****                                                                   0.9686 0.7248
--      57-    67    179516 *                                                                      0.9798 0.7541
--      68-    79    104760                                                                        0.9840 0.7673
--      80-    92     72940                                                                        0.9865 0.7768
--      93-   106     55470                                                                        0.9883 0.7846
--     107-   121     49882                                                                        0.9897 0.7916
--     122-   137     40517                                                                        0.9909 0.7987
--     138-   154     31627                                                                        0.9919 0.8054
--     155-   172     28866                                                                        0.9927 0.8112
--     173-   191     30805                                                                        0.9934 0.8172
--     192-   211     25745                                                                        0.9942 0.8244
--     212-   232     19888                                                                        0.9948 0.8309
--     233-   254     17296                                                                        0.9953 0.8365
--     255-   277     15675                                                                        0.9958 0.8418
--     278-   301     15401                                                                        0.9962 0.8471
--     302-   326     13935                                                                        0.9966 0.8528
--     327-   352     11184                                                                        0.9969 0.8583
--     353-   379     11727                                                                        0.9972 0.8632
--     380-   407     10904                                                                        0.9975 0.8686
--     408-   436     10881                                                                        0.9977 0.8741
--     437-   466      9773                                                                        0.9980 0.8800
--     467-   497      8381                                                                        0.9983 0.8856
--     498-   529      8349                                                                        0.9985 0.8907
--     530-   562      9872                                                                        0.9987 0.8962
--     563-   596      7251                                                                        0.9989 0.9030
--     597-   631      2514                                                                        0.9991 0.9083
--     632-   667      1445                                                                        0.9992 0.9102
--     668-   704      1323                                                                        0.9992 0.9114
--     705-   742      1141                                                                        0.9992 0.9125
--     743-   781      1060                                                                        0.9993 0.9136
--     782-   821       915                                                                        0.9993 0.9146
--
--           0 (max occurrences)
--   784648266 (total mers, non-unique)
--    39740796 (distinct mers, non-unique)
--           0 (unique mers)
-- Report changed.
-- Finished stage 'meryl-process', reset canuIteration.
--
-- Removing meryl database 'trimming/0-mercounts/canu_assembly_output_01.ms22'.
--
-- OVERLAPPER (normal) (trimming) erate=0.045
--
----------------------------------------
-- Starting command on Tue May  2 05:28:19 2023 with 9239.405 GB free disk space

    cd trimming/1-overlapper
    /sw/bioinfo/canu/2.0/rackham/Linux-amd64/bin/overlapInCorePartition \
     -S  ../../canu_assembly_output_01.seqStore \
     -hl 80000000 \
     -rl 1000000000 \
     -ol 500 \
     -o  ./canu_assembly_output_01.partition \
    > ./canu_assembly_output_01.partition.err 2>&1

-- Finished on Tue May  2 05:28:19 2023 (like a bat out of hell) with 9239.405 GB free disk space
----------------------------------------
--
-- Configured 11 overlapInCore jobs.
-- No change in report.
-- Finished stage 'obt-overlapConfigure', reset canuIteration.
-- No change in report.
--
-- Running jobs.  First attempt out of 2.
----------------------------------------
-- Starting 'obtovl' concurrent execution on Tue May  2 05:28:19 2023 with 9239.405 GB free disk space (11 processes; 1 concurrently)

    cd trimming/1-overlapper
    ./overlap.sh 1 > ./overlap.000001.out 2>&1
    ./overlap.sh 2 > ./overlap.000002.out 2>&1
    ./overlap.sh 3 > ./overlap.000003.out 2>&1
    ./overlap.sh 4 > ./overlap.000004.out 2>&1
    ./overlap.sh 5 > ./overlap.000005.out 2>&1
    ./overlap.sh 6 > ./overlap.000006.out 2>&1
    ./overlap.sh 7 > ./overlap.000007.out 2>&1
    ./overlap.sh 8 > ./overlap.000008.out 2>&1
    ./overlap.sh 9 > ./overlap.000009.out 2>&1
    ./overlap.sh 10 > ./overlap.000010.out 2>&1
    ./overlap.sh 11 > ./overlap.000011.out 2>&1

-- Finished on Tue May  2 07:25:04 2023 (7005 seconds) with 9241.063 GB free disk space
----------------------------------------
-- Found 11 overlapInCore output files.
--
-- overlapInCore compute 'trimming/1-overlapper':
--   kmer hits
--     with no overlap        150790596    13708236 +- 8289581.411
--     with an overlap         14848714  3.09090909 +- 2290345.897
--
--   overlaps                  14847431  6.45454545 +- 2290060.228
--     contained                      0           0 +- 0
--     dovetail                       0           0 +- 0
--
--   overlaps rejected
--     multiple per pair              0           0 +- 0
--     bad short window               0           0 +- 0
--     bad long window                0           0 +- 0
-- No change in report.
-- Finished stage 'obt-overlapCheck', reset canuIteration.
----------------------------------------
-- Starting command on Tue May  2 07:25:04 2023 with 9241.063 GB free disk space

    cd trimming
    /sw/bioinfo/canu/2.0/rackham/Linux-amd64/bin/ovStoreConfig \
     -S ../canu_assembly_output_01.seqStore \
     -M 9 \
     -L ./1-overlapper/ovljob.files \
     -create ./canu_assembly_output_01.ovlStore.config \
     > ./canu_assembly_output_01.ovlStore.config.txt \
    2> ./canu_assembly_output_01.ovlStore.config.err

-- Finished on Tue May  2 07:25:04 2023 (furiously fast) with 9241.062 GB free disk space
----------------------------------------
--
-- Creating overlap store trimming/canu_assembly_output_01.ovlStore using:
--      2 buckets
--      2 slices
--        using at most 2 GB memory each
-- No change in report.
-- Finished stage 'obt-overlapStoreConfigure', reset canuIteration.
-- No change in report.
--
-- Running jobs.  First attempt out of 2.
----------------------------------------
-- Starting 'ovB' concurrent execution on Tue May  2 07:25:04 2023 with 9241.062 GB free disk space (2 processes; 4 concurrently)

    cd trimming/canu_assembly_output_01.ovlStore.BUILDING
    ./scripts/1-bucketize.sh 1 > ./logs/1-bucketize.000001.out 2>&1
    ./scripts/1-bucketize.sh 2 > ./logs/1-bucketize.000002.out 2>&1

-- Finished on Tue May  2 07:25:12 2023 (8 seconds) with 9240.538 GB free disk space
----------------------------------------
-- Overlap store bucketizer finished.
-- No change in report.
-- Finished stage 'obt-overlapStoreBucketizerCheck', reset canuIteration.
-- No change in report.
--
-- Running jobs.  First attempt out of 2.
----------------------------------------
-- Starting 'ovS' concurrent execution on Tue May  2 07:25:12 2023 with 9240.538 GB free disk space (2 processes; 4 concurrently)

    cd trimming/canu_assembly_output_01.ovlStore.BUILDING
    ./scripts/2-sort.sh 1 > ./logs/2-sort.000001.out 2>&1
    ./scripts/2-sort.sh 2 > ./logs/2-sort.000002.out 2>&1

-- Finished on Tue May  2 07:25:27 2023 (15 seconds) with 9239.958 GB free disk space
----------------------------------------
-- Overlap store sorter finished.
-- No change in report.
-- Finished stage 'obt-overlapStoreSorterCheck', reset canuIteration.
----------------------------------------
-- Starting command on Tue May  2 07:25:27 2023 with 9239.958 GB free disk space

    cd trimming
    /sw/bioinfo/canu/2.0/rackham/Linux-amd64/bin/ovStoreIndexer \
      -O  ./canu_assembly_output_01.ovlStore.BUILDING \
      -S ../canu_assembly_output_01.seqStore \
      -C  ./canu_assembly_output_01.ovlStore.config \
      -delete \
    > ./canu_assembly_output_01.ovlStore.BUILDING.index.err 2>&1

-- Finished on Tue May  2 07:25:28 2023 (one second) with 9239.918 GB free disk space
----------------------------------------
-- Checking store.
----------------------------------------
-- Starting command on Tue May  2 07:25:28 2023 with 9239.918 GB free disk space

    cd trimming
    /sw/bioinfo/canu/2.0/rackham/Linux-amd64/bin/ovStoreDump \
     -S ../canu_assembly_output_01.seqStore \
     -O  ./canu_assembly_output_01.ovlStore \
     -counts \
     > ./canu_assembly_output_01.ovlStore/counts.dat 2> ./canu_assembly_output_01.ovlStore/counts.err

-- Finished on Tue May  2 07:25:28 2023 (like a bat out of hell) with 9239.916 GB free disk space
----------------------------------------
--
-- Overlap store 'trimming/canu_assembly_output_01.ovlStore' successfully constructed.
-- Found 29697428 overlaps for 101041 reads; 132811 reads have no overlaps.
--
--
-- Purged 0.288 GB in 33 overlap output files.
-- No change in report.
-- Finished stage 'obt-createOverlapStore', reset canuIteration.
----------------------------------------
-- Starting command on Tue May  2 07:25:28 2023 with 9239.915 GB free disk space

    cd trimming/3-overlapbasedtrimming
    /sw/bioinfo/canu/2.0/rackham/Linux-amd64/bin/trimReads \
      -S  ../../canu_assembly_output_01.seqStore \
      -O  ../canu_assembly_output_01.ovlStore \
      -Co ./canu_assembly_output_01.1.trimReads.clear \
      -e  0.045 \
      -minlength 1000 \
      -ol 500 \
      -oc 2 \
      -o  ./canu_assembly_output_01.1.trimReads \
    >     ./canu_assembly_output_01.1.trimReads.err 2>&1

-- Finished on Tue May  2 07:25:37 2023 (9 seconds) with 9239.919 GB free disk space
----------------------------------------
--  PARAMETERS:
--  ----------
--     1000    (reads trimmed below this many bases are deleted)
--   0.0450    (use overlaps at or below this fraction error)
--      500    (break region if overlap is less than this long, for 'largest covered' algorithm)
--        2    (break region if overlap coverage is less than this many reads, for 'largest covered' algorithm)
--  
--  INPUT READS:
--  -----------
--  233852 reads    841712215 bases (reads processed)
--       0 reads            0 bases (reads not processed, previously deleted)
--       0 reads            0 bases (reads not processed, in a library where trimming isn't allowed)
--  
--  OUTPUT READS:
--  ------------
--   88223 reads    716677609 bases (trimmed reads output)
--   10846 reads     86086948 bases (reads with no change, kept as is)
--  132811 reads      2570753 bases (reads with no overlaps, deleted)
--    1972 reads      7801925 bases (reads with short trimmed length, deleted)
--  
--  TRIMMING DETAILS:
--  ----------------
--   66425 reads     15376017 bases (bases trimmed from the 5' end of a read)
--   70600 reads     13198963 bases (bases trimmed from the 3' end of a read)
-- Report changed.
-- Finished stage 'obt-trimReads', reset canuIteration.
----------------------------------------
-- Starting command on Tue May  2 07:25:37 2023 with 9239.919 GB free disk space

    cd trimming/3-overlapbasedtrimming
    /sw/bioinfo/canu/2.0/rackham/Linux-amd64/bin/splitReads \
      -S  ../../canu_assembly_output_01.seqStore \
      -O  ../canu_assembly_output_01.ovlStore \
      -Ci ./canu_assembly_output_01.1.trimReads.clear \
      -Co ./canu_assembly_output_01.2.splitReads.clear \
      -e  0.045 \
      -minlength 1000 \
      -o  ./canu_assembly_output_01.2.splitReads \
    >     ./canu_assembly_output_01.2.splitReads.err 2>&1

-- Finished on Tue May  2 07:25:46 2023 (9 seconds) with 9239.916 GB free disk space
----------------------------------------
--  PARAMETERS:
--  ----------
--     1000    (reads trimmed below this many bases are deleted)
--   0.0450    (use overlaps at or below this fraction error)
--  INPUT READS:
--  -----------
--   99069 reads    831339537 bases (reads processed)
--  134783 reads     10372678 bases (reads not processed, previously deleted)
--       0 reads            0 bases (reads not processed, in a library where trimming isn't allowed)
--  
--  PROCESSED:
--  --------
--       0 reads            0 bases (no overlaps)
--      43 reads       213524 bases (no coverage after adjusting for trimming done already)
--       0 reads            0 bases (processed for chimera)
--       0 reads            0 bases (processed for spur)
--   99026 reads    831126013 bases (processed for subreads)
--  
--  READS WITH SIGNALS:
--  ------------------
--       0 reads            0 signals (number of 5' spur signal)
--       0 reads            0 signals (number of 3' spur signal)
--       0 reads            0 signals (number of chimera signal)
--      47 reads           47 signals (number of subread signal)
--  
--  SIGNALS:
--  -------
--       0 reads            0 bases (size of 5' spur signal)
--       0 reads            0 bases (size of 3' spur signal)
--       0 reads            0 bases (size of chimera signal)
--      47 reads        16787 bases (size of subread signal)
--  
--  TRIMMING:
--  --------
--      16 reads        83001 bases (trimmed from the 5' end of the read)
--      31 reads       183310 bases (trimmed from the 3' end of the read)
-- Report changed.
-- Finished stage 'obt-splitReads', reset canuIteration.
----------------------------------------
-- Starting command on Tue May  2 07:25:46 2023 with 9239.916 GB free disk space

    cd trimming/3-overlapbasedtrimming
    /sw/bioinfo/canu/2.0/rackham/Linux-amd64/bin/loadTrimmedReads \
      -S ../../canu_assembly_output_01.seqStore \
      -c ./canu_assembly_output_01.2.splitReads.clear \
    > ./canu_assembly_output_01.loadTrimmedReads.err 2>&1

-- Finished on Tue May  2 07:25:52 2023 (6 seconds) with 9239.894 GB free disk space
----------------------------------------
----------------------------------------
-- Starting command on Tue May  2 07:25:52 2023 with 9239.894 GB free disk space

    cd .
    /sw/bioinfo/canu/2.0/rackham/Linux-amd64/bin/sqStoreDumpMetaData \
      -S ./canu_assembly_output_01.seqStore \
      -corrected -trimmed \
      -histogram \
      -lengths \
    > ./canu_assembly_output_01.seqStore/readlengths-utg.dat \
    2> ./canu_assembly_output_01.seqStore/readlengths-utg.err 
    

-- Finished on Tue May  2 07:25:52 2023 (fast as lightning) with 9239.893 GB free disk space
----------------------------------------
----------------------------------------
-- Starting command on Tue May  2 07:25:52 2023 with 9239.893 GB free disk space

    cd .
    /sw/bioinfo/canu/2.0/rackham/Linux-amd64/bin/sqStoreDumpMetaData \
      -S ./canu_assembly_output_01.seqStore \
      -corrected -trimmed \
      -histogram \
    > ./canu_assembly_output_01.seqStore/readlengths-utg.txt \
    2> ./canu_assembly_output_01.seqStore/readlengths-utg.err 
    

-- Finished on Tue May  2 07:25:52 2023 (like a bat out of hell) with 9239.893 GB free disk space
----------------------------------------
--
-- In sequence store './canu_assembly_output_01.seqStore':
--   Found 99069 reads.
--   Found 802498246 bases (33.29 times coverage).
--    
--    G=802498246                        sum of  ||               length     num
--    NG         length     index       lengths  ||                range    seqs
--    ----- ------------ --------- ------------  ||  ------------------- -------
--    00010        15199      4491     80250200  ||       1000-1634         1139|---------
--    00020        12670     10322    160507567  ||       1635-2269         1009|--------
--    00030        11136     17099    240753849  ||       2270-2904         1120|---------
--    00040        10011     24716    321002752  ||       2905-3539         1374|-----------
--    00050         9091     33129    401249720  ||       3540-4174         3995|-------------------------------
--    00060         8202     42417    481505465  ||       4175-4809         8211|---------------------------------------------------------------
--    00070         7272     52799    561749202  ||       4810-5444         7954|--------------------------------------------------------------
--    00080         6264     64658    642000725  ||       5445-6079         7512|----------------------------------------------------------
--    00090         5082     78830    722251536  ||       6080-6714         7408|---------------------------------------------------------
--    00100         1000     99068    802498246  ||       6715-7349         7479|----------------------------------------------------------
--    001.000x               99069    802498246  ||       7350-7984         7106|-------------------------------------------------------
--                                               ||       7985-8619         6772|----------------------------------------------------
--                                               ||       8620-9254         6433|--------------------------------------------------
--                                               ||       9255-9889         5852|---------------------------------------------
--                                               ||       9890-10524        4857|--------------------------------------
--                                               ||      10525-11159        3884|------------------------------
--                                               ||      11160-11794        3165|-------------------------
--                                               ||      11795-12429        2573|--------------------
--                                               ||      12430-13064        2129|-----------------
--                                               ||      13065-13699        1737|--------------
--                                               ||      13700-14334        1411|-----------
--                                               ||      14335-14969        1093|---------
--                                               ||      14970-15604         943|--------
--                                               ||      15605-16239         802|-------
--                                               ||      16240-16874         662|------
--                                               ||      16875-17509         521|----
--                                               ||      17510-18144         403|----
--                                               ||      18145-18779         328|---
--                                               ||      18780-19414         255|--
--                                               ||      19415-20049         227|--
--                                               ||      20050-20684         155|--
--                                               ||      20685-21319         126|-
--                                               ||      21320-21954          98|-
--                                               ||      21955-22589          65|-
--                                               ||      22590-23224          57|-
--                                               ||      23225-23859          49|-
--                                               ||      23860-24494          37|-
--                                               ||      24495-25129          31|-
--                                               ||      25130-25764          21|-
--                                               ||      25765-26399          18|-
--                                               ||      26400-27034          23|-
--                                               ||      27035-27669           9|-
--                                               ||      27670-28304          10|-
--                                               ||      28305-28939           3|-
--                                               ||      28940-29574           8|-
--                                               ||      29575-30209           1|-
--                                               ||      30210-30844           0|
--                                               ||      30845-31479           0|
--                                               ||      31480-32114           3|-
--                                               ||      32115-32749           1|-
--    
--
-- Purging overlaps used for trimming.
-- Report changed.
-- Finished stage 'obt-dumpReads', reset canuIteration.
----------------------------------------
-- Starting command on Tue May  2 07:25:52 2023 with 9239.891 GB free disk space

    cd .
    /sw/bioinfo/canu/2.0/rackham/Linux-amd64/bin/sqStoreDumpFASTQ \
      -trimmed \
      -S ./canu_assembly_output_01.seqStore \
      -o ./canu_assembly_output_01.trimmedReads.gz \
      -fasta \
      -trimmed -normal -nolibname \
    > ./canu_assembly_output_01.trimmedReads.fasta.err 2>&1

-- Finished on Tue May  2 07:26:12 2023 (20 seconds) with 9239.64 GB free disk space
----------------------------------------
--
-- Trimmed reads saved in 'canu_assembly_output_01.trimmedReads.fasta.gz'.
-- No change in report.
-- Finished stage 'cor-dumpTrimmedReads', reset canuIteration.
--
--
-- BEGIN ASSEMBLY
--
-- No change in report.
----------------------------------------
-- Starting command on Tue May  2 07:26:12 2023 with 9239.64 GB free disk space

    cd unitigging/0-mercounts
    ./meryl-configure.sh \
    > ./meryl-configure.err 2>&1

-- Finished on Tue May  2 07:26:13 2023 (one second) with 9239.639 GB free disk space
----------------------------------------
--  segments   memory batches
--  -------- -------- -------
--        01  3.19 GB       1
--        02  1.62 GB       1
--        04  0.81 GB       1
--        06  0.56 GB       1
--        08  0.44 GB       1
--
--  For 99069 reads with 802498246 bases, limit to 8 batches.
--  Will count kmers using 01 jobs, each using 5 GB and 4 threads.
--
-- No change in report.
-- Finished stage 'merylConfigure', reset canuIteration.
-- No change in report.
--
-- Running jobs.  First attempt out of 2.
----------------------------------------
-- Starting 'meryl' concurrent execution on Tue May  2 07:26:13 2023 with 9239.639 GB free disk space (1 processes; 1 concurrently)

    cd unitigging/0-mercounts
    ./meryl-count.sh 1 > ./meryl-count.000001.out 2>&1

-- Finished on Tue May  2 07:27:23 2023 (70 seconds) with 9239.162 GB free disk space
----------------------------------------
-- Found 1 Kmer counting (meryl) outputs.
-- No change in report.
-- Finished stage 'utg-merylCountCheck', reset canuIteration.
-- No change in report.
--
-- Running jobs.  First attempt out of 2.
----------------------------------------
-- Starting 'meryl' concurrent execution on Tue May  2 07:27:23 2023 with 9239.162 GB free disk space (1 processes; 1 concurrently)

    cd unitigging/0-mercounts
    ./meryl-process.sh 1 > ./meryl-process.000001.out 2>&1

-- Finished on Tue May  2 07:27:43 2023 (20 seconds) with 9238.787 GB free disk space
----------------------------------------
-- Meryl finished successfully.  Kmer frequency histogram:
--
--  22-mers                                                                                           Fraction
--    Occurrences   NumMers                                                                         Unique Total
--       1-     1         0                                                                        0.0000 0.0000
--       2-     2   6216038 ********************************************************************** 0.1670 0.0164
--       3-     4   4913212 *******************************************************                0.2482 0.0283
--       5-     7   3631277 ****************************************                               0.3394 0.0482
--       8-    11   2845326 ********************************                                       0.4185 0.0748
--      12-    16   2971622 *********************************                                      0.4892 0.1110
--      17-    22   3989541 ********************************************                           0.5693 0.1699
--      23-    29   5129638 *********************************************************              0.6799 0.2816
--      30-    37   4362995 *************************************************                      0.8161 0.4614
--      38-    46   1876650 *********************                                                  0.9248 0.6429
--      47-    56    489119 *****                                                                  0.9680 0.7317
--      57-    67    170162 *                                                                      0.9794 0.7606
--      68-    79    100120 *                                                                      0.9836 0.7735
--      80-    92     69237                                                                        0.9862 0.7829
--      93-   106     52940                                                                        0.9880 0.7905
--     107-   121     47750                                                                        0.9894 0.7974
--     122-   137     38913                                                                        0.9907 0.8045
--     138-   154     30029                                                                        0.9917 0.8111
--     155-   172     27385                                                                        0.9925 0.8168
--     173-   191     30067                                                                        0.9932 0.8227
--     192-   211     24949                                                                        0.9941 0.8299
--     212-   232     19101                                                                        0.9947 0.8364
--     233-   254     16860                                                                        0.9952 0.8420
--     255-   277     15186                                                                        0.9957 0.8474
--     278-   301     15097                                                                        0.9961 0.8527
--     302-   326     13278                                                                        0.9965 0.8585
--     327-   352     10963                                                                        0.9968 0.8639
--     353-   379     11417                                                                        0.9971 0.8688
--     380-   407     10597                                                                        0.9974 0.8743
--     408-   436     10786                                                                        0.9977 0.8798
--     437-   466      9370                                                                        0.9980 0.8858
--     467-   497      7954                                                                        0.9983 0.8913
--     498-   529      8279                                                                        0.9985 0.8963
--     530-   562      9556                                                                        0.9987 0.9020
--     563-   596      6578                                                                        0.9989 0.9088
--     597-   631      2292                                                                        0.9991 0.9138
--     632-   667      1220                                                                        0.9992 0.9156
--     668-   704      1137                                                                        0.9992 0.9166
--     705-   742      1090                                                                        0.9992 0.9176
--     743-   781       831                                                                        0.9993 0.9187
--     782-   821       850                                                                        0.9993 0.9195
--
--           0 (max occurrences)
--   759091357 (total mers, non-unique)
--    37214792 (distinct mers, non-unique)
--           0 (unique mers)
-- Report changed.
-- Finished stage 'meryl-process', reset canuIteration.
--
-- Removing meryl database 'unitigging/0-mercounts/canu_assembly_output_01.ms22'.
--
-- OVERLAPPER (normal) (assembly) erate=0.045
--
----------------------------------------
-- Starting command on Tue May  2 07:27:44 2023 with 9238.768 GB free disk space

    cd unitigging/1-overlapper
    /sw/bioinfo/canu/2.0/rackham/Linux-amd64/bin/overlapInCorePartition \
     -S  ../../canu_assembly_output_01.seqStore \
     -hl 80000000 \
     -rl 1000000000 \
     -ol 500 \
     -o  ./canu_assembly_output_01.partition \
    > ./canu_assembly_output_01.partition.err 2>&1

-- Finished on Tue May  2 07:27:44 2023 (fast as lightning) with 9238.768 GB free disk space
----------------------------------------
--
-- Configured 11 overlapInCore jobs.
-- No change in report.
-- Finished stage 'utg-overlapConfigure', reset canuIteration.
-- No change in report.
--
-- Running jobs.  First attempt out of 2.
----------------------------------------
-- Starting 'utgovl' concurrent execution on Tue May  2 07:27:44 2023 with 9238.768 GB free disk space (11 processes; 1 concurrently)

    cd unitigging/1-overlapper
    ./overlap.sh 1 > ./overlap.000001.out 2>&1
    ./overlap.sh 2 > ./overlap.000002.out 2>&1
    ./overlap.sh 3 > ./overlap.000003.out 2>&1
    ./overlap.sh 4 > ./overlap.000004.out 2>&1
    ./overlap.sh 5 > ./overlap.000005.out 2>&1
    ./overlap.sh 6 > ./overlap.000006.out 2>&1
    ./overlap.sh 7 > ./overlap.000007.out 2>&1
    ./overlap.sh 8 > ./overlap.000008.out 2>&1
    ./overlap.sh 9 > ./overlap.000009.out 2>&1
    ./overlap.sh 10 > ./overlap.000010.out 2>&1
    ./overlap.sh 11 > ./overlap.000011.out 2>&1

-- Finished on Tue May  2 09:34:04 2023 (7580 seconds) with 9185.002 GB free disk space
----------------------------------------
-- Found 11 overlapInCore output files.
--
-- overlapInCore compute 'unitigging/1-overlapper':
--   kmer hits
--     with no overlap        132701616  83.2727273 +- 8331180.293
--     with an overlap         13068546  9.63636364 +- 1921000.876
--
--   overlaps                  13068546  9.63636364 +- 1921000.876
--     contained                5124525  .909090909 +- 856499.247
--     dovetail                 7944021  .727272727 +- 1065849.038
--
--   overlaps rejected
--     multiple per pair              0           0 +- 0
--     bad short window               0           0 +- 0
--     bad long window                0           0 +- 0
-- No change in report.
-- Finished stage 'utg-overlapCheck', reset canuIteration.
----------------------------------------
-- Starting command on Tue May  2 09:34:04 2023 with 9185.002 GB free disk space

    cd unitigging
    /sw/bioinfo/canu/2.0/rackham/Linux-amd64/bin/ovStoreConfig \
     -S ../canu_assembly_output_01.seqStore \
     -M 4 \
     -L ./1-overlapper/ovljob.files \
     -create ./canu_assembly_output_01.ovlStore.config \
     > ./canu_assembly_output_01.ovlStore.config.txt \
    2> ./canu_assembly_output_01.ovlStore.config.err

-- Finished on Tue May  2 09:34:04 2023 (fast as lightning) with 9185.001 GB free disk space
----------------------------------------
--
-- Creating overlap store unitigging/canu_assembly_output_01.ovlStore using:
--      2 buckets
--      2 slices
--        using at most 2 GB memory each
-- No change in report.
-- Finished stage 'utg-overlapStoreConfigure', reset canuIteration.
-- No change in report.
--
-- Running jobs.  First attempt out of 2.
----------------------------------------
-- Starting 'ovB' concurrent execution on Tue May  2 09:34:04 2023 with 9185.001 GB free disk space (2 processes; 4 concurrently)

    cd unitigging/canu_assembly_output_01.ovlStore.BUILDING
    ./scripts/1-bucketize.sh 1 > ./logs/1-bucketize.000001.out 2>&1
    ./scripts/1-bucketize.sh 2 > ./logs/1-bucketize.000002.out 2>&1

-- Finished on Tue May  2 09:34:11 2023 (7 seconds) with 9184.574 GB free disk space
----------------------------------------
-- Overlap store bucketizer finished.
-- No change in report.
-- Finished stage 'utg-overlapStoreBucketizerCheck', reset canuIteration.
-- No change in report.
--
-- Running jobs.  First attempt out of 2.
----------------------------------------
-- Starting 'ovS' concurrent execution on Tue May  2 09:34:11 2023 with 9184.574 GB free disk space (2 processes; 4 concurrently)

    cd unitigging/canu_assembly_output_01.ovlStore.BUILDING
    ./scripts/2-sort.sh 1 > ./logs/2-sort.000001.out 2>&1
    ./scripts/2-sort.sh 2 > ./logs/2-sort.000002.out 2>&1

-- Finished on Tue May  2 09:34:24 2023 (13 seconds) with 9184.06 GB free disk space
----------------------------------------
-- Overlap store sorter finished.
-- No change in report.
-- Finished stage 'utg-overlapStoreSorterCheck', reset canuIteration.
----------------------------------------
-- Starting command on Tue May  2 09:34:24 2023 with 9184.06 GB free disk space

    cd unitigging
    /sw/bioinfo/canu/2.0/rackham/Linux-amd64/bin/ovStoreIndexer \
      -O  ./canu_assembly_output_01.ovlStore.BUILDING \
      -S ../canu_assembly_output_01.seqStore \
      -C  ./canu_assembly_output_01.ovlStore.config \
      -delete \
    > ./canu_assembly_output_01.ovlStore.BUILDING.index.err 2>&1

-- Finished on Tue May  2 09:34:25 2023 (one second) with 9184.04 GB free disk space
----------------------------------------
-- Checking store.
----------------------------------------
-- Starting command on Tue May  2 09:34:25 2023 with 9184.04 GB free disk space

    cd unitigging
    /sw/bioinfo/canu/2.0/rackham/Linux-amd64/bin/ovStoreDump \
     -S ../canu_assembly_output_01.seqStore \
     -O  ./canu_assembly_output_01.ovlStore \
     -counts \
     > ./canu_assembly_output_01.ovlStore/counts.dat 2> ./canu_assembly_output_01.ovlStore/counts.err

-- Finished on Tue May  2 09:34:25 2023 (fast as lightning) with 9184.038 GB free disk space
----------------------------------------
--
-- Overlap store 'unitigging/canu_assembly_output_01.ovlStore' successfully constructed.
-- Found 26137092 overlaps for 99008 reads; 134844 reads have no overlaps.
--
--
-- Purged 0.231 GB in 33 overlap output files.
----------------------------------------
-- Starting command on Tue May  2 09:34:25 2023 with 9184.037 GB free disk space

    cd unitigging
    /sw/bioinfo/canu/2.0/rackham/Linux-amd64/bin/ovStoreStats \
     -C 33 \
     -S ../canu_assembly_output_01.seqStore \
     -O  ./canu_assembly_output_01.ovlStore \
     -o  ./canu_assembly_output_01.ovlStore \
     > ./canu_assembly_output_01.ovlStore.summary.err 2>&1

-- Finished on Tue May  2 09:34:30 2023 (5 seconds) with 9183.978 GB free disk space
----------------------------------------
--
-- Overlap store 'unitigging/canu_assembly_output_01.ovlStore' contains:
--
--   category            reads     %          read length        feature size or coverage  analysis
--   ----------------  -------  -------  ----------------------  ------------------------  --------------------
--   middle-missing         74    0.07     5136.74 +- 3458.90        514.36 +- 686.49     (bad trimming)
--   middle-hump           274    0.28     5536.20 +- 2806.28        266.76 +- 548.28     (bad trimming)
--   no-5-prime            747    0.75     6944.99 +- 3973.16        180.91 +- 422.84     (bad trimming)
--   no-3-prime            704    0.71     6777.74 +- 3727.15        197.41 +- 416.12     (bad trimming)
--   
--   low-coverage         4481    4.52     4701.99 +- 2388.67          5.40 +- 2.16       (easy to assemble, potential for lower quality consensus)
--   unique              60801   61.37     8094.59 +- 3374.75         29.80 +- 8.07       (easy to assemble, perfect, yay)
--   repeat-cont         15034   15.18     8456.69 +- 3740.66       1005.63 +- 832.02     (potential for consensus errors, no impact on assembly)
--   repeat-dove            32    0.03    22628.00 +- 4163.81        657.19 +- 603.12     (hard to assemble, likely won't assemble correctly or even at all)
--   
--   span-repeat          5521    5.57     9300.36 +- 3850.77       2761.61 +- 2756.66    (read spans a large repeat, usually easy to assemble)
--   uniq-repeat-cont     9561    9.65     8079.35 +- 3574.80                             (should be uniquely placed, low potential for consensus errors, no impact on assembly)
--   uniq-repeat-dove     1752    1.77    11787.08 +- 4169.98                             (will end contigs, potential to misassemble)
--   uniq-anchor            27    0.03     7784.70 +- 3237.69       2454.30 +- 1883.39    (repeat read, with unique section, probable bad read)
-- Report changed.
-- Finished stage 'utg-createOverlapStore', reset canuIteration.
--
-- Loading read lengths.
-- Loading number of overlaps per read.
--
-- Configure RED for 16gb memory.
--                   Batches of at most (unlimited) reads.
--                                      500000000 bases.
--                   Expecting evidence of at most 536870912 bases per iteration.
--
--           Total                                               Reads                 Olaps Evidence
--    Job   Memory      Read Range         Reads        Bases   Memory        Olaps   Memory   Memory  (Memory in MB)
--   ---- -------- ------------------- --------- ------------ -------- ------------ -------- --------
--      1 16385.46         1-26560         13416    108968123 13302.20       984550    11.27  1024.00
--      2 16385.00     26561-53452         13618    108952929 13300.35      1105907    12.66  1024.00
--      3 16384.08     53453-80595         13114    108858656 13288.82      2032282    23.26  1024.00
--      4 16384.09     80596-116188        14446    108949269 13299.93      1063216    12.17  1024.00
--      5 16384.26    116189-164728        14591    107646619 13140.92     14972080   171.34  1024.00
--      6 16384.28    164729-190746        13071    108899195 13293.77      1617197    18.51  1024.00
--      7 16384.13    190747-220699        13641    108667603 13265.52      4072664    46.61  1024.00
--      8  9414.44    220700-233852         6461     51928530  6339.14       289196     3.31  1024.00
--   ---- -------- ------------------- --------- ------------ -------- ------------ -------- --------
--                                                  812870924              26137092
-- No change in report.
-- Finished stage 'readErrorDetectionConfigure', reset canuIteration.
-- No change in report.
--
-- Running jobs.  First attempt out of 2.
----------------------------------------
-- Starting 'red' concurrent execution on Tue May  2 09:34:32 2023 with 9183.896 GB free disk space (8 processes; 1 concurrently)

    cd unitigging/3-overlapErrorAdjustment
    ./red.sh 1 > ./red.000001.out 2>&1
    ./red.sh 2 > ./red.000002.out 2>&1
    ./red.sh 3 > ./red.000003.out 2>&1
    ./red.sh 4 > ./red.000004.out 2>&1
    ./red.sh 5 > ./red.000005.out 2>&1
    ./red.sh 6 > ./red.000006.out 2>&1
    ./red.sh 7 > ./red.000007.out 2>&1
    ./red.sh 8 > ./red.000008.out 2>&1

-- Finished on Tue May  2 09:58:54 2023 (1462 seconds) with 9181.945 GB free disk space
----------------------------------------
-- Found 8 read error detection output files.
-- No change in report.
-- Finished stage 'readErrorDetectionCheck', reset canuIteration.
--
-- Loading read lengths.
-- Loading number of overlaps per read.
--
-- Configure OEA for 8gb memory.
--                   Batches of at most (unlimited) reads.
--                                      300000000 bases.
--
--           Total                                               Reads                 Olaps  Adjusts
--    Job   Memory      Read Range         Reads        Bases   Memory        Olaps   Memory   Memory  (Memory in MB)
--   ---- -------- ------------------- --------- ------------ -------- ------------ -------- --------
--      1  2851.23         1-74999         37309    300003999   295.24      2909411    88.79   419.20
--      2  3318.98     75000-178064        38637    300007158   295.29     18234963   556.49   419.20
--      3  2831.37    178065-233852        26412    212859767   211.80      4992718   152.37   419.20
--   ---- -------- ------------------- --------- ------------ -------- ------------ -------- --------
--                                                  812870924              26137092
-- No change in report.
-- Finished stage 'overlapErrorAdjustmentConfigure', reset canuIteration.
-- No change in report.
--
-- Running jobs.  First attempt out of 2.
----------------------------------------
-- Starting 'oea' concurrent execution on Tue May  2 09:58:57 2023 with 9181.829 GB free disk space (3 processes; 4 concurrently)

    cd unitigging/3-overlapErrorAdjustment
    ./oea.sh 1 > ./oea.000001.out 2>&1
    ./oea.sh 2 > ./oea.000002.out 2>&1
    ./oea.sh 3 > ./oea.000003.out 2>&1

-- Finished on Tue May  2 10:35:59 2023 (2222 seconds) with 9150.363 GB free disk space
----------------------------------------
-- Found 3 overlap error adjustment output files.
-- No change in report.
-- Finished stage 'overlapErrorAdjustmentCheck', reset canuIteration.
----------------------------------------
-- Starting command on Tue May  2 10:35:59 2023 with 9150.363 GB free disk space

    cd unitigging/3-overlapErrorAdjustment
    /sw/bioinfo/canu/2.0/rackham/Linux-amd64/bin/loadErates \
      -S ../../canu_assembly_output_01.seqStore \
      -O ../canu_assembly_output_01.ovlStore \
      -L ./oea.files \
    > ./oea.apply.err 2>&1

-- Finished on Tue May  2 10:36:01 2023 (2 seconds) with 9150.313 GB free disk space
----------------------------------------
-- No report available.
-- Report changed.
-- Finished stage 'updateOverlapStore', reset canuIteration.
-- Finished stage 'unitig', reset canuIteration.
-- No change in report.
-- No change in report.
--
-- Running jobs.  First attempt out of 2.
----------------------------------------
-- Starting 'bat' concurrent execution on Tue May  2 10:36:01 2023 with 9150.313 GB free disk space (1 processes; 1 concurrently)

    cd unitigging/4-unitigger
    ./unitigger.sh 1 > ./unitigger.000001.out 2>&1

-- Finished on Tue May  2 10:36:25 2023 (24 seconds) with 9149.654 GB free disk space
----------------------------------------
-- Unitigger finished successfully.
-- Found, in version 1, after unitig construction:
--   contigs:      633 sequences, total length 27418297 bp (including 23 repeats of total length 340127 bp).
--   bubbles:      125 sequences, total length 2528345 bp.
--   unassembled:  6058 sequences, total length 34544072 bp.
--
-- Contig sizes based on genome size 24.1mbp:
--
--            NG (bp)  LG (contigs)    sum (bp)
--         ----------  ------------  ----------
--     10     3010824             1     3010824
--     20     1510424             3     6297582
--     30     1211366             4     7508948
--     40     1126192             6     9780705
--     50      883469             9    12689190
--     60      634730            12    14843993
--     70      343923            17    17109328
--     80       94079            30    19362601
--     90       23177            96    21708949
--    100       13868           234    24107964
--    110        8064           457    26510221
--
-- Report changed.
-- Finished stage 'unitigCheck', reset canuIteration.
----------------------------------------
-- Starting command on Tue May  2 10:36:25 2023 with 9149.654 GB free disk space

    cd unitigging
    /sw/bioinfo/canu/2.0/rackham/Linux-amd64/bin/utgcns \
      -S ../canu_assembly_output_01.seqStore \
      -T  ./canu_assembly_output_01.ctgStore 1 \
      -partition 0.8 1 0.1 \
    > ./canu_assembly_output_01.ctgStore/partitioning.log 2>&1

-- Finished on Tue May  2 10:36:36 2023 (11 seconds) with 9149.219 GB free disk space
----------------------------------------
----------------------------------------
-- Starting command on Tue May  2 10:36:36 2023 with 9149.219 GB free disk space

    cd unitigging
    /sw/bioinfo/canu/2.0/rackham/Linux-amd64/bin/utgcns \
      -S ../canu_assembly_output_01.seqStore \
      -T  ./canu_assembly_output_01.utgStore 1 \
      -partition 0.8 1 0.1 \
    > ./canu_assembly_output_01.utgStore/partitioning.log 2>&1

-- Finished on Tue May  2 10:36:46 2023 (10 seconds) with 9148.797 GB free disk space
----------------------------------------
-- Using slow alignment for consensus (iteration '0').
-- Configured 5 contig and 5 unitig consensus jobs.
-- No change in report.
-- Finished stage 'consensusConfigure', reset canuIteration.
--
--                                (tag)Concurrency
--                         (tag)Threads          |
--                (tag)Memory         |          |
--        (tag)             |         |          |       total usage      algorithm
--        -------  ----------  --------   --------  --------------------  -----------------------------
-- Local: cns        2.875 GB    4 CPUs x   1 job      2.875 GB   4 CPUs  (consensus)
--
-- No change in report.
--
-- Running jobs.  First attempt out of 2.
----------------------------------------
-- Starting 'cns' concurrent execution on Tue May  2 10:36:46 2023 with 9148.797 GB free disk space (10 processes; 1 concurrently)

    cd unitigging/5-consensus
    ./consensus.sh 1 > ./consensus.000001.out 2>&1
    ./consensus.sh 2 > ./consensus.000002.out 2>&1
    ./consensus.sh 3 > ./consensus.000003.out 2>&1
    ./consensus.sh 4 > ./consensus.000004.out 2>&1
    ./consensus.sh 5 > ./consensus.000005.out 2>&1
    ./consensus.sh 6 > ./consensus.000006.out 2>&1
    ./consensus.sh 7 > ./consensus.000007.out 2>&1
    ./consensus.sh 8 > ./consensus.000008.out 2>&1
    ./consensus.sh 9 > ./consensus.000009.out 2>&1
    ./consensus.sh 10 > ./consensus.000010.out 2>&1

-- Finished on Tue May  2 11:10:03 2023 (1997 seconds) with 9106.57 GB free disk space
----------------------------------------
-- Using slow alignment for consensus (iteration '1').
-- Configured 5 contig and 5 unitig consensus jobs.
-- No change in report.
-- All 10 consensus jobs finished successfully.
-- No change in report.
-- Finished stage 'consensusCheck', reset canuIteration.
-- Using slow alignment for consensus (iteration '0').
-- Configured 5 contig and 5 unitig consensus jobs.
-- No change in report.
----------------------------------------
-- Starting command on Tue May  2 11:10:03 2023 with 9106.57 GB free disk space

    cd unitigging
    /sw/bioinfo/canu/2.0/rackham/Linux-amd64/bin/tgStoreLoad \
      -S ../canu_assembly_output_01.seqStore \
      -T  ./canu_assembly_output_01.ctgStore 2 \
      -L ./5-consensus/ctgcns.files \
    > ./5-consensus/ctgcns.files.ctgStoreLoad.err 2>&1

-- Finished on Tue May  2 11:10:18 2023 (15 seconds) with 9105.563 GB free disk space
----------------------------------------
----------------------------------------
-- Starting command on Tue May  2 11:10:18 2023 with 9105.56 GB free disk space

    cd unitigging
    /sw/bioinfo/canu/2.0/rackham/Linux-amd64/bin/tgStoreLoad \
      -S ../canu_assembly_output_01.seqStore \
      -T  ./canu_assembly_output_01.utgStore 2 \
      -L ./5-consensus/utgcns.files \
    > ./5-consensus/utgcns.files.utgStoreLoad.err 2>&1

-- Finished on Tue May  2 11:10:22 2023 (4 seconds) with 9105.093 GB free disk space
----------------------------------------
-- Purging consensus output after loading to ctgStore and/or utgStore.
-- Purged 10 .cns outputs.
----------------------------------------
-- Starting command on Tue May  2 11:10:22 2023 with 9105.083 GB free disk space

    cd unitigging
    /sw/bioinfo/canu/2.0/rackham/Linux-amd64/bin/tgStoreDump \
      -S ../canu_assembly_output_01.seqStore \
      -T ./canu_assembly_output_01.ctgStore 2 \
      -sizes -s 24100000 \
    > ./canu_assembly_output_01.ctgStore/seqDB.v002.sizes.txt
sqStore_loadMetadata()-- Using 'corrected-trimmed' 0x10 reads.

-- Finished on Tue May  2 11:10:35 2023 (13 seconds) with 9104.367 GB free disk space
----------------------------------------
-- Found, in version 2, after consensus generation:
--   contigs:      633 sequences, total length 27257747 bp (including 23 repeats of total length 339305 bp).
--   bubbles:      125 sequences, total length 2524134 bp.
--   unassembled:  6058 sequences, total length 34533919 bp.
--
-- Contig sizes based on genome size 24.1mbp:
--
--            NG (bp)  LG (contigs)    sum (bp)
--         ----------  ------------  ----------
--     10     3000045             1     3000045
--     20     1505244             3     6271921
--     30     1206584             4     7478505
--     40     1122136             6     9742762
--     50      880647             9    12641546
--     60      632410            12    14788277
--     70      342987            17    17045894
--     80       93839            30    19291749
--     90       22929            99    21700708
--    100       13396           241    24109579
--    110        7591           474    26513569
--
-- Report changed.
-- Finished stage 'consensusLoad', reset canuIteration.
-- No change in report.
----------------------------------------
-- Starting command on Tue May  2 11:10:35 2023 with 9104.367 GB free disk space

    cd unitigging/4-unitigger
    ./alignGFA.sh \
    > alignGFA.err 2>&1

-- Finished on Tue May  2 11:11:15 2023 (40 seconds) with 9101.775 GB free disk space
----------------------------------------
----------------------------------------
-- Starting command on Tue May  2 11:11:15 2023 with 9101.773 GB free disk space

    cd .
    /sw/bioinfo/canu/2.0/rackham/Linux-amd64/bin/tgStoreDump \
      -S ./canu_assembly_output_01.seqStore \
      -T ./unitigging/canu_assembly_output_01.ctgStore 2 \
      -o ./canu_assembly_output_01.contigs \
      -layout \
    > ./canu_assembly_output_01.contigs.layout.err 2>&1

-- Finished on Tue May  2 11:11:28 2023 (13 seconds) with 9101.015 GB free disk space
----------------------------------------
----------------------------------------
-- Starting command on Tue May  2 11:11:28 2023 with 9101.015 GB free disk space

    cd .
    /sw/bioinfo/canu/2.0/rackham/Linux-amd64/bin/tgStoreDump \
      -S ./canu_assembly_output_01.seqStore \
      -T ./unitigging/canu_assembly_output_01.utgStore 2 \
      -o ./canu_assembly_output_01.unitigs \
      -layout \
    > ./canu_assembly_output_01.unitigs.layout.err 2>&1

-- Finished on Tue May  2 11:11:31 2023 (3 seconds) with 9100.737 GB free disk space
----------------------------------------
----------------------------------------
-- Starting command on Tue May  2 11:11:31 2023 with 9100.737 GB free disk space

    cd .
    /sw/bioinfo/canu/2.0/rackham/Linux-amd64/bin/tgStoreDump \
      -S ./canu_assembly_output_01.seqStore \
      -T ./unitigging/canu_assembly_output_01.ctgStore 2 \
      -consensus -fasta \
      -unassembled \
    > ./canu_assembly_output_01.unassembled.fasta
    2> ./canu_assembly_output_01.unassembled.err
sqStore_loadMetadata()-- Using 'corrected-trimmed' 0x10 reads.

-- Finished on Tue May  2 11:11:44 2023 (13 seconds) with 9099.944 GB free disk space
----------------------------------------
----------------------------------------
-- Starting command on Tue May  2 11:11:44 2023 with 9099.944 GB free disk space

    cd .
    /sw/bioinfo/canu/2.0/rackham/Linux-amd64/bin/tgStoreDump \
      -S ./canu_assembly_output_01.seqStore \
      -T ./unitigging/canu_assembly_output_01.ctgStore 2 \
      -consensus -fasta \
      -contigs \
    > ./canu_assembly_output_01.contigs.fasta
    2> ./canu_assembly_output_01.contigs.err
sqStore_loadMetadata()-- Using 'corrected-trimmed' 0x10 reads.

-- Finished on Tue May  2 11:11:57 2023 (13 seconds) with 9099.287 GB free disk space
----------------------------------------
----------------------------------------
-- Starting command on Tue May  2 11:11:57 2023 with 9099.287 GB free disk space

    cd .
    /sw/bioinfo/canu/2.0/rackham/Linux-amd64/bin/tgStoreDump \
      -S ./canu_assembly_output_01.seqStore \
      -T ./unitigging/canu_assembly_output_01.utgStore 2 \
      -consensus -fasta \
      -contigs \
    > ./canu_assembly_output_01.unitigs.fasta
    2> ./canu_assembly_output_01.unitigs.err
sqStore_loadMetadata()-- Using 'corrected-trimmed' 0x10 reads.

-- Finished on Tue May  2 11:12:00 2023 (3 seconds) with 9099.04 GB free disk space
----------------------------------------
-- No change in report.
-- Finished stage 'generateOutputs', reset canuIteration.
--
-- Assembly 'canu_assembly_output_01' finished in '/domus/h1/dongx/Genome_Analysis/DNA_Assembly/Canu/Canu_assembly_01'.
--
-- Summary saved in 'canu_assembly_output_01.report'.
--
-- Sequences saved:
--   Contigs       -> 'canu_assembly_output_01.contigs.fasta'
--   Unassembled   -> 'canu_assembly_output_01.unassembled.fasta'
--   Unitigs       -> 'canu_assembly_output_01.unitigs.fasta'
--
-- Read layouts saved:
--   Contigs       -> 'canu_assembly_output_01.contigs.layout'.
--   Unitigs       -> 'canu_assembly_output_01.unitigs.layout'.
--
-- Graphs saved:
--   Unitigs       -> 'canu_assembly_output_01.unitigs.gfa'.
--
-- Bye.
